{"uuid":"a596cdae-fe0d-4886-8403-ad6732169d43","historyId":"1a84a9f265f62c834432f52b07207c45","fullName":"Program Module Positive Scenarios: create a program with valid endpoints and request body","labels":[{"name":"host","value":"DESKTOP-VISVFD3"},{"name":"thread","value":"23500@DESKTOP-VISVFD3.main(1)"},{"name":"feature","value":"Program Module Positive Scenarios"},{"name":"story","value":"create a program with valid endpoints and request body"},{"name":"suite","value":"Program Module Positive Scenarios"},{"name":"testClass","value":"create a program with valid endpoints and request body"},{"name":"framework","value":"cucumber4jvm"},{"name":"language","value":"java"},{"name":"gherkin_uri","value":"file:///C:/Users/harii/api-creepers/API_CodeCreepers/./src/test/resources/Features/01Program.feature"},{"name":"package","value":"src.test.resources.Features.01Program_feature.Program Module Positive Scenarios"}],"links":[],"name":"create a program with valid endpoints and request body","status":"failed","statusDetails":{"known":false,"muted":false,"flaky":false,"message":"expected [201] but found [503]","trace":"java.lang.AssertionError: expected [201] but found [503]\r\n\tat org.testng.Assert.fail(Assert.java:111)\r\n\tat org.testng.Assert.failNotEquals(Assert.java:1578)\r\n\tat org.testng.Assert.assertEqualsImpl(Assert.java:150)\r\n\tat org.testng.Assert.assertEquals(Assert.java:132)\r\n\tat org.testng.Assert.assertEquals(Assert.java:1419)\r\n\tat org.testng.Assert.assertEquals(Assert.java:1383)\r\n\tat org.testng.Assert.assertEquals(Assert.java:1429)\r\n\tat api.Actions.Program_TestCases.verify_post_status(Program_TestCases.java:54)\r\n\tat api.Step_Definitions.Program_Steps.the_user_submits_the_post_request_and_verifies_the_status_code(Program_Steps.java:36)\r\n\tat ✽.The user submits the post request and verifies the status 201(file:///C:/Users/harii/api-creepers/API_CodeCreepers/./src/test/resources/Features/01Program.feature:7)\r\n"},"stage":"finished","description":"    Given: The user create post request","steps":[{"name":"When  User sends HTTPS request,request body to create program from the excel sheet \"ProgramData\" and 0","status":"passed","statusDetails":{"known":false,"muted":false,"flaky":false},"stage":"finished","steps":[],"attachments":[],"parameters":[],"start":1690728351181,"stop":1690728355978},{"name":"Then  The user submits the post request and verifies the status 201","status":"failed","statusDetails":{"known":false,"muted":false,"flaky":false,"message":"expected [201] but found [503]","trace":"java.lang.AssertionError: expected [201] but found [503]\r\n\tat org.testng.Assert.fail(Assert.java:111)\r\n\tat org.testng.Assert.failNotEquals(Assert.java:1578)\r\n\tat org.testng.Assert.assertEqualsImpl(Assert.java:150)\r\n\tat org.testng.Assert.assertEquals(Assert.java:132)\r\n\tat org.testng.Assert.assertEquals(Assert.java:1419)\r\n\tat org.testng.Assert.assertEquals(Assert.java:1383)\r\n\tat org.testng.Assert.assertEquals(Assert.java:1429)\r\n\tat api.Actions.Program_TestCases.verify_post_status(Program_TestCases.java:54)\r\n\tat api.Step_Definitions.Program_Steps.the_user_submits_the_post_request_and_verifies_the_status_code(Program_Steps.java:36)\r\n\tat ✽.The user submits the post request and verifies the status 201(file:///C:/Users/harii/api-creepers/API_CodeCreepers/./src/test/resources/Features/01Program.feature:7)\r\n"},"stage":"finished","steps":[],"attachments":[],"parameters":[],"start":1690728355987,"stop":1690728356006}],"attachments":[],"parameters":[{"name":"SheetName","value":"ProgramData"},{"name":"RowNumber","value":"0"}],"start":1690728351050,"stop":1690728356018}