{"uuid":"bf1e11f6-c5e3-4a51-9a81-ca34d419daaa","historyId":"5f2af566b36853e2ded6ffa30f235ee","fullName":"Assignment Submit Module: Check if user able to  grade assignment with valid submission  Id and mandatory request body","labels":[{"name":"host","value":"DESKTOP-VISVFD3"},{"name":"thread","value":"23500@DESKTOP-VISVFD3.main(1)"},{"name":"feature","value":"Assignment Submit Module"},{"name":"story","value":"Check if user able to  grade assignment with valid submission  Id and mandatory request body"},{"name":"suite","value":"Assignment Submit Module"},{"name":"testClass","value":"Check if user able to  grade assignment with valid submission  Id and mandatory request body"},{"name":"framework","value":"cucumber4jvm"},{"name":"language","value":"java"},{"name":"gherkin_uri","value":"file:///C:/Users/harii/api-creepers/API_CodeCreepers/./src/test/resources/Features/05AssignmentSubmit.feature"},{"name":"package","value":"src.test.resources.Features.05AssignmentSubmit_feature.Assignment Submit Module"}],"links":[],"name":"Check if user able to  grade assignment with valid submission  Id and mandatory request body","status":"failed","statusDetails":{"known":false,"muted":false,"flaky":false,"message":"expected [200] but found [503]","trace":"java.lang.AssertionError: expected [200] but found [503]\r\n\tat org.testng.Assert.fail(Assert.java:111)\r\n\tat org.testng.Assert.failNotEquals(Assert.java:1578)\r\n\tat org.testng.Assert.assertEqualsImpl(Assert.java:150)\r\n\tat org.testng.Assert.assertEquals(Assert.java:132)\r\n\tat org.testng.Assert.assertEquals(Assert.java:1419)\r\n\tat org.testng.Assert.assertEquals(Assert.java:1383)\r\n\tat org.testng.Assert.assertEquals(Assert.java:1429)\r\n\tat api.Actions.Assignment_Submit_TestCases.verify_Gradeput_status(Assignment_Submit_TestCases.java:253)\r\n\tat api.Step_Definitions.Assignment_Submit_Steps.user_receives_ok_status_with_updated_value_in_response_body(Assignment_Submit_Steps.java:124)\r\n\tat ✽.User receives 200 OK Status with updated value in response body(file:///C:/Users/harii/api-creepers/API_CodeCreepers/./src/test/resources/Features/05AssignmentSubmit.feature:37)\r\n"},"stage":"finished","description":"Given: User creates PUT Request for the LMS API endpoint  and Valid submission Id","steps":[{"name":"When  User sends HTTPS Put Request and  request Body with mandatory  fields from the assignment submit excel sheet \"AssignmentSubmit\" and 0","status":"passed","statusDetails":{"known":false,"muted":false,"flaky":false},"stage":"finished","steps":[],"attachments":[],"parameters":[],"start":1690728364723,"stop":1690728365090},{"name":"Then  User receives 200 OK Status with updated value in response body","status":"failed","statusDetails":{"known":false,"muted":false,"flaky":false,"message":"expected [200] but found [503]","trace":"java.lang.AssertionError: expected [200] but found [503]\r\n\tat org.testng.Assert.fail(Assert.java:111)\r\n\tat org.testng.Assert.failNotEquals(Assert.java:1578)\r\n\tat org.testng.Assert.assertEqualsImpl(Assert.java:150)\r\n\tat org.testng.Assert.assertEquals(Assert.java:132)\r\n\tat org.testng.Assert.assertEquals(Assert.java:1419)\r\n\tat org.testng.Assert.assertEquals(Assert.java:1383)\r\n\tat org.testng.Assert.assertEquals(Assert.java:1429)\r\n\tat api.Actions.Assignment_Submit_TestCases.verify_Gradeput_status(Assignment_Submit_TestCases.java:253)\r\n\tat api.Step_Definitions.Assignment_Submit_Steps.user_receives_ok_status_with_updated_value_in_response_body(Assignment_Submit_Steps.java:124)\r\n\tat ✽.User receives 200 OK Status with updated value in response body(file:///C:/Users/harii/api-creepers/API_CodeCreepers/./src/test/resources/Features/05AssignmentSubmit.feature:37)\r\n"},"stage":"finished","steps":[],"attachments":[],"parameters":[],"start":1690728365090,"stop":1690728365091}],"attachments":[],"parameters":[{"name":"SheetName","value":"AssignmentSubmit"},{"name":"RowNumber","value":"0"}],"start":1690728364722,"stop":1690728365093}